[2013-08-17 15-08-16] HTTP/1.1 200 OK
Server: nginx
Date: Sat, 17 Aug 2013 13:08:26 GMT
Content-Type: text/html
Content-Length: 2
Connection: close
X-Generated-in: 0.0072
X-HGenerator: hurvinek.hdc1.cz
Cache-Control: no-cache, no-store, must-revalidate
Pragma: no-cache
Expires: 1 January, 1970 00:00:01 GMT

ok  @  http://localhost/platon/www/smart-panel/order-detail?orderid=35&statusID=3&name=Done&progress=10&lang=cs&do=setStatus
[2013-08-17 15-09-10] HTTP/1.1 200 OK
Server: nginx
Date: Sat, 17 Aug 2013 13:09:20 GMT
Content-Type: text/html
Content-Length: 2
Connection: close
X-Generated-in: 0.0088
X-HGenerator: hurvinek.hdc1.cz
Cache-Control: no-cache, no-store, must-revalidate
Pragma: no-cache
Expires: 1 January, 1970 00:00:01 GMT

ok  @  http://localhost/platon/www/smart-panel/order-detail?orderid=35&statusID=3&name=Done&progress=10&lang=cs&do=setStatus
